<?xml version="1.0" encoding="UTF-8"?>
<!-- Generated by org.testng.reporters.JUnitReportReporter -->
<testsuite skipped="0" hostname="DESKTOP-C37E15E" name="quick.NewFeatures.NeTest" tests="1" failures="0" timestamp="05 Aug 2020 18:12:09 GMT" time="41.905" errors="0">
  <testcase name="cdf" time="41.905" classname="quick.NewFeatures.NeTest"/>
</testsuite> <!-- quick.NewFeatures.NeTest -->
